<?xml version="1.0" encoding="UTF-8"?>
<testng-results ignored="0" total="2" passed="2" failed="0" skipped="0">
  <reporter-output>
  </reporter-output>
  <suite started-at="2023-12-23T16:31:03 IST" name="Default suite" finished-at="2023-12-23T16:31:17 IST" duration-ms="13590">
    <groups>
    </groups>
    <test started-at="2023-12-23T16:31:03 IST" name="Default test" finished-at="2023-12-23T16:31:17 IST" duration-ms="13590">
      <class name="com.Test1.main.TestClass">
        <test-method is-config="true" signature="initBrowser()[pri:0, instance:com.Test1.main.TestClass@3527942a]" started-at="2023-12-23T16:31:03 IST" name="initBrowser" finished-at="2023-12-23T16:31:07 IST" duration-ms="4136" status="PASS">
          <reporter-output>
          </reporter-output>
        </test-method> <!-- initBrowser -->
        <test-method signature="clickexample()[pri:0, instance:com.Test1.main.TestClass@3527942a]" started-at="2023-12-23T16:31:07 IST" name="clickexample" finished-at="2023-12-23T16:31:07 IST" duration-ms="47" status="PASS">
          <reporter-output>
          </reporter-output>
        </test-method> <!-- clickexample -->
        <test-method signature="openURL()[pri:0, instance:com.Test1.main.TestClass@3527942a]" started-at="2023-12-23T16:31:07 IST" name="openURL" description="Open browser" finished-at="2023-12-23T16:31:17 IST" duration-ms="9211" status="PASS">
          <reporter-output>
          </reporter-output>
        </test-method> <!-- openURL -->
      </class> <!-- com.Test1.main.TestClass -->
    </test> <!-- Default test -->
  </suite> <!-- Default suite -->
</testng-results>
